/users/PAS2570/azhong/.conda/envs/cvat/lib/python3.10/site-packages/torchvision/transforms/_functional_video.py:6: UserWarning: The 'torchvision.transforms._functional_video' module is deprecated since 0.12 and will be removed in the future. Please use the 'torchvision.transforms.functional' module instead.
  warnings.warn(
/users/PAS2570/azhong/.conda/envs/cvat/lib/python3.10/site-packages/torchvision/transforms/_transforms_video.py:22: UserWarning: The 'torchvision.transforms._transforms_video' module is deprecated since 0.12 and will be removed in the future. Please use the 'torchvision.transforms' module instead.
  warnings.warn(
/fs/ess/PAS2136/Kenya-2023/time_budget_analysis/slowfast/slowfast/utils/checkpoint.py:285: FutureWarning: You are using `torch.load` with `weights_only=False` (the current default value), which uses the default pickle module implicitly. It is possible to construct malicious pickle data which will execute arbitrary code during unpickling (See https://github.com/pytorch/pytorch/blob/main/SECURITY.md#untrusted-models for more details). In a future release, the default value for `weights_only` will be flipped to `True`. This limits the functions that could be executed during unpickling. Arbitrary objects will no longer be allowed to be loaded via this mode unless they are explicitly allowlisted by the user via `torch.serialization.add_safe_globals`. We recommend you start setting `weights_only=True` for any use case where you don't have full control of the loaded file. Please open an issue on GitHub for any issues related to this experimental feature.
  checkpoint = torch.load(f, map_location="cpu")
usage: annotate.py [-h] [--shard_id SHARD_ID] [--num_shards NUM_SHARDS]
                   [--init_method INIT_METHOD]
                   [--cfg CFG_FILES [CFG_FILES ...]] [--opts ...]

Provide SlowFast video training and testing pipeline.

options:
  -h, --help            show this help message and exit
  --shard_id SHARD_ID   The shard id of current node, Starts from 0 to
                        num_shards - 1
  --num_shards NUM_SHARDS
                        Number of shards using by the job
  --init_method INIT_METHOD
                        Initialization method, includes TCP or shared file-
                        system
  --cfg CFG_FILES [CFG_FILES ...]
                        Path to the config files
  --opts ...            See slowfast/config/defaults.py for all options
missing keys: []
unexpected keys: []
a
c
['slurm-31002770.out', 'slurm-31002778.out', 'slurm-31002780.out', 'files.py', 'slurm-31002776.out', 'annotate.py', 'config.yml', 'slurm-31002767.out', 'annotation_data.csv', 'run.sh']
l: []
c
['40.mp4', '39.mp4', '46.mp4', '52.mp4', '53.mp4', '43.mp4', '44.mp4', '50.mp4', '49.mp4', '41.mp4', '47.mp4', '54.mp4', '38.mp4', '45.mp4', '51.mp4', '42.mp4', 'DJI_0208.mp4', '48.mp4', '55.mp4']
l: ['40.mp4', '39.mp4', '46.mp4', '52.mp4', '53.mp4', '43.mp4', '44.mp4', '50.mp4', '49.mp4', '41.mp4', '47.mp4', '54.mp4', '38.mp4', '45.mp4', '51.mp4', '42.mp4', '48.mp4', '55.mp4']
c
['12.mp4', '10.mp4', '9.mp4', '13.mp4', '11.mp4', 'DJI_0212.mp4', '14.mp4']
l: ['12.mp4', '10.mp4', '9.mp4', '13.mp4', '11.mp4', '14.mp4']
c
['40.mp4', '39.mp4', '46.mp4', '52.mp4', '53.mp4', '31.mp4', '43.mp4', '44.mp4', '50.mp4', '49.mp4', '41.mp4', '47.mp4', 'DJI_0206.mp4', '54.mp4', '38.mp4', '45.mp4', '51.mp4', '42.mp4', '48.mp4', '55.mp4']
l: ['40.mp4', '39.mp4', '46.mp4', '52.mp4', '53.mp4', '31.mp4', '43.mp4', '44.mp4', '50.mp4', '49.mp4', '41.mp4', '47.mp4', '54.mp4', '38.mp4', '45.mp4', '51.mp4', '42.mp4', '48.mp4', '55.mp4']
c
[]
l: []
c
[]
l: []
c
[]
l: []
c
[]
l: []
c
[]
l: []
c
['checkpoint_epoch_00075.pyth', 'x3d-l-kabr-kinetics-lr5e-2-ep120-best-epoch.zip', 'checkpoint_epoch_00075.pyth.zip']
l: []
c
['results.txt', 'stdout.log']
l: []
c
['events.out.tfevents.1720991680.dgk216.2098969.0']
l: []
c
[]
l: []
c
['12.mp4', '18.mp4', '24.mp4', '16.mp4', '22.mp4', '13.mp4', '20.mp4', '19.mp4', 'DJI_0210.mp4', '17.mp4', '23.mp4', '14.mp4', '15.mp4', '21.mp4']
l: ['12.mp4', '18.mp4', '24.mp4', '16.mp4', '22.mp4', '13.mp4', '20.mp4', '19.mp4', '17.mp4', '23.mp4', '14.mp4', '15.mp4', '21.mp4']
c
['33.mp4', '31.mp4', 'DJI_0211.mp4', '28.mp4', '32.mp4', '30.mp4', '29.mp4']
l: ['33.mp4', '31.mp4', '28.mp4', '32.mp4', '30.mp4', '29.mp4']
b
